<?xml version="1.0" encoding="UTF-8"?>
<!-- Generated by org.testng.reporters.JUnitXMLReporter -->
<testsuite ignored="2" hostname="LAPTOP-S02GHNDO" failures="0" tests="1" name="Default test" time="19.038" errors="0" timestamp="2022-01-28T11:32:09 CST">
  <testcase classname="TestLogin" name="FileUploadUsingRobot" time="15.481"/>
  <testcase classname="TestLogin" name="FileUploadUsingSendKeys" time="0.0">
    <ignored/>
  </testcase> <!-- FileUploadUsingSendKeys -->
  <testcase classname="TestLogin" name="FileDownload" time="0.0">
    <ignored/>
  </testcase> <!-- FileDownload -->
</testsuite> <!-- Default test -->
