<?xml version="1.0" encoding="UTF-8"?>
<!-- Generated by org.testng.reporters.JUnitXMLReporter -->
<testsuite ignored="0" hostname="LAPTOP-S02GHNDO" failures="0" tests="5" name="Test" time="29.907" errors="0" timestamp="2022-01-25T11:28:18 CST">
  <testcase classname="TestLogin" name="TestMultipleWindows" time="3.863"/>
  <testcase classname="TestLogin" name="TestSliderOne" time="1.347"/>
  <testcase classname="TestLogin" name="TestSliderTwo" time="1.185"/>
  <testcase classname="TestLogin" name="TestRightClick" time="9.47"/>
  <testcase classname="TestLogin" name="HandlingTables" time="3.1"/>
</testsuite> <!-- Test -->
