<?xml version="1.0" encoding="UTF-8"?>
<testng-results ignored="2" total="3" passed="1" failed="0" skipped="0">
  <reporter-output>
  </reporter-output>
  <suite started-at="2022-01-28T11:31:50 CST" name="Default suite" finished-at="2022-01-28T11:32:09 CST" duration-ms="19038">
    <groups>
    </groups>
    <test started-at="2022-01-28T11:31:50 CST" name="Default test" finished-at="2022-01-28T11:32:09 CST" duration-ms="19038">
      <class name="TestLogin">
        <test-method is-config="true" signature="LaunchBrowser()[pri:0, instance:TestLogin@16d04d3d]" started-at="2022-01-28T11:31:50 CST" name="LaunchBrowser" finished-at="2022-01-28T11:31:54 CST" duration-ms="3268" status="PASS">
          <reporter-output>
          </reporter-output>
        </test-method> <!-- LaunchBrowser -->
        <test-method signature="FileUploadUsingRobot()[pri:0, instance:TestLogin@16d04d3d]" started-at="2022-01-28T11:31:54 CST" name="FileUploadUsingRobot" finished-at="2022-01-28T11:32:09 CST" duration-ms="15481" status="PASS">
          <reporter-output>
          </reporter-output>
        </test-method> <!-- FileUploadUsingRobot -->
        <test-method is-config="true" signature="closeBrowser()[pri:0, instance:TestLogin@16d04d3d]" started-at="2022-01-28T11:32:09 CST" name="closeBrowser" finished-at="2022-01-28T11:32:09 CST" duration-ms="257" status="PASS">
          <reporter-output>
          </reporter-output>
        </test-method> <!-- closeBrowser -->
        <test-method is-config="true" signature="tearDown()[pri:0, instance:TestLogin@16d04d3d]" started-at="2022-01-28T11:32:09 CST" name="tearDown" finished-at="2022-01-28T11:32:09 CST" duration-ms="2" status="PASS">
          <reporter-output>
          </reporter-output>
        </test-method> <!-- tearDown -->
      </class> <!-- TestLogin -->
    </test> <!-- Default test -->
  </suite> <!-- Default suite -->
</testng-results>
