<?xml version="1.0" encoding="UTF-8"?>
<testng-results ignored="0" total="1" passed="1" failed="0" skipped="0">
  <reporter-output>
  </reporter-output>
  <suite started-at="2022-01-26T04:38:31 CST" name="Default suite" finished-at="2022-01-26T04:38:38 CST" duration-ms="7564">
    <groups>
    </groups>
    <test started-at="2022-01-26T04:38:31 CST" name="Default test" finished-at="2022-01-26T04:38:38 CST" duration-ms="7564">
      <class name="TestLogin">
        <test-method is-config="true" signature="LaunchBrowser()[pri:0, instance:TestLogin@38c6f217]" started-at="2022-01-26T04:38:31 CST" name="LaunchBrowser" finished-at="2022-01-26T04:38:33 CST" duration-ms="2801" status="PASS">
          <reporter-output>
          </reporter-output>
        </test-method> <!-- LaunchBrowser -->
        <test-method signature="TestBasicHTMLControls()[pri:0, instance:TestLogin@38c6f217]" started-at="2022-01-26T04:38:33 CST" name="TestBasicHTMLControls" finished-at="2022-01-26T04:38:38 CST" duration-ms="4552" status="PASS">
          <reporter-output>
          </reporter-output>
        </test-method> <!-- TestBasicHTMLControls -->
        <test-method is-config="true" signature="closeBrowser()[pri:0, instance:TestLogin@38c6f217]" started-at="2022-01-26T04:38:38 CST" name="closeBrowser" finished-at="2022-01-26T04:38:38 CST" duration-ms="183" status="PASS">
          <reporter-output>
          </reporter-output>
        </test-method> <!-- closeBrowser -->
        <test-method is-config="true" signature="tearDown()[pri:0, instance:TestLogin@38c6f217]" started-at="2022-01-26T04:38:38 CST" name="tearDown" finished-at="2022-01-26T04:38:38 CST" duration-ms="1" status="PASS">
          <reporter-output>
          </reporter-output>
        </test-method> <!-- tearDown -->
      </class> <!-- TestLogin -->
    </test> <!-- Default test -->
  </suite> <!-- Default suite -->
</testng-results>
